<?xml version="1.0" encoding="UTF-8"?>
<testsuite name="com.restapp.ThemeParkApplicationIT" tests="4" skipped="0" failures="0" errors="0" timestamp="2021-01-10T05:29:42" hostname="DESKTOP-FS9TK8L" time="0.746">
  <properties/>
  <testcase name="getsAllRides" classname="com.restapp.ThemeParkApplicationIT" time="0.52"/>
  <testcase name="getsSingleRide" classname="com.restapp.ThemeParkApplicationIT" time="0.052"/>
  <testcase name="returnsNotFoundForInvalidSingleRide" classname="com.restapp.ThemeParkApplicationIT" time="0.028"/>
  <testcase name="addsNewRide" classname="com.restapp.ThemeParkApplicationIT" time="0.141"/>
  <system-out><![CDATA[23:29:36.365 [Test worker] DEBUG org.springframework.test.annotation.ProfileValueUtils - Retrieved @ProfileValueSourceConfiguration [null] for test class [com.restapp.ThemeParkApplicationIT]
23:29:36.365 [Test worker] DEBUG org.springframework.test.annotation.ProfileValueUtils - Retrieved ProfileValueSource type [class org.springframework.test.annotation.SystemProfileValueSource] for class [com.restapp.ThemeParkApplicationIT]
23:29:36.370 [Test worker] DEBUG org.springframework.test.annotation.ProfileValueUtils - Retrieved @ProfileValueSourceConfiguration [null] for test class [com.restapp.ThemeParkApplicationIT]
23:29:36.371 [Test worker] DEBUG org.springframework.test.annotation.ProfileValueUtils - Retrieved ProfileValueSource type [class org.springframework.test.annotation.SystemProfileValueSource] for class [com.restapp.ThemeParkApplicationIT]
23:29:36.387 [Test worker] DEBUG org.springframework.test.context.support.AbstractDirtiesContextTestExecutionListener - Before test class: context [DefaultTestContext@304ac7d3 testClass = ThemeParkApplicationIT, testInstance = [null], testMethod = [null], testException = [null], mergedContextConfiguration = [WebMergedContextConfiguration@77b7e7d1 testClass = ThemeParkApplicationIT, locations = '{}', classes = '{class com.restapp.ThemeParkApplication}', contextInitializerClasses = '[]', activeProfiles = '{}', propertySourceLocations = '{}', propertySourceProperties = '{org.springframework.boot.test.context.SpringBootTestContextBootstrapper=true}', contextCustomizers = set[org.springframework.boot.test.autoconfigure.properties.PropertyMappingContextCustomizer@4b3fa0b3, org.springframework.boot.test.autoconfigure.web.servlet.WebDriverContextCustomizerFactory$Customizer@7f7a9725, [ImportsContextCustomizer@1b8479af key = [org.springframework.boot.test.autoconfigure.web.servlet.MockMvcAutoConfiguration, org.springframework.boot.test.autoconfigure.web.servlet.MockMvcWebClientAutoConfiguration, org.springframework.boot.test.autoconfigure.web.servlet.MockMvcWebDriverAutoConfiguration, org.springframework.boot.autoconfigure.security.oauth2.client.servlet.OAuth2ClientAutoConfiguration, org.springframework.boot.autoconfigure.security.oauth2.resource.servlet.OAuth2ResourceServerAutoConfiguration, org.springframework.boot.autoconfigure.security.servlet.SecurityAutoConfiguration, org.springframework.boot.autoconfigure.security.servlet.SecurityFilterAutoConfiguration, org.springframework.boot.autoconfigure.security.servlet.UserDetailsServiceAutoConfiguration, org.springframework.boot.test.autoconfigure.web.servlet.MockMvcSecurityConfiguration]], org.springframework.boot.test.context.filter.ExcludeFilterContextCustomizer@25f6827b, org.springframework.boot.test.json.DuplicateJsonObjectContextCustomizerFactory$DuplicateJsonObjectContextCustomizer@56e7fbd7, org.springframework.boot.test.mock.mockito.MockitoContextCustomizer@0, org.springframework.boot.test.web.client.TestRestTemplateContextCustomizer@3eaae95f, org.springframework.boot.test.context.SpringBootTestArgs@1], resourceBasePath = 'src/main/webapp', contextLoader = 'org.springframework.boot.test.context.SpringBootContextLoader', parent = [null]], attributes = map['org.springframework.test.context.web.ServletTestExecutionListener.activateListener' -> true]], class annotated with @DirtiesContext [false] with mode [null].
23:29:36.398 [Test worker] DEBUG org.springframework.test.annotation.ProfileValueUtils - Retrieved @ProfileValueSourceConfiguration [null] for test class [com.restapp.ThemeParkApplicationIT]
23:29:36.399 [Test worker] DEBUG org.springframework.test.annotation.ProfileValueUtils - Retrieved ProfileValueSource type [class org.springframework.test.annotation.SystemProfileValueSource] for class [com.restapp.ThemeParkApplicationIT]
23:29:36.444 [Test worker] DEBUG org.springframework.test.context.support.TestPropertySourceUtils - Adding inlined properties to environment: {spring.jmx.enabled=false, org.springframework.boot.test.context.SpringBootTestContextBootstrapper=true}

  .   ____          _            __ _ _
 /\\ / ___'_ __ _ _(_)_ __  __ _ \ \ \ \
( ( )\___ | '_ | '_| | '_ \/ _` | \ \ \ \
 \\/  ___)| |_)| | | | | || (_| |  ) ) ) )
  '  |____| .__|_| |_|_| |_\__, | / / / /
 =========|_|==============|___/=/_/_/_/
 :: Spring Boot ::        (v2.3.4.RELEASE)

2021-01-09 23:29:36.897  INFO 13052 --- [    Test worker] com.restapp.ThemeParkApplicationIT       : Starting ThemeParkApplicationIT on DESKTOP-FS9TK8L with PID 13052 (started by mehta in D:\IntelliJ-Java Workspace\spring-boot-api-example)
2021-01-09 23:29:36.901  INFO 13052 --- [    Test worker] com.restapp.ThemeParkApplicationIT       : No active profile set, falling back to default profiles: default
2021-01-09 23:29:38.240  INFO 13052 --- [    Test worker] .s.d.r.c.RepositoryConfigurationDelegate : Bootstrapping Spring Data JPA repositories in DEFERRED mode.
2021-01-09 23:29:38.338  INFO 13052 --- [    Test worker] .s.d.r.c.RepositoryConfigurationDelegate : Finished Spring Data repository scanning in 85ms. Found 1 JPA repository interfaces.
2021-01-09 23:29:39.138  INFO 13052 --- [    Test worker] o.s.s.concurrent.ThreadPoolTaskExecutor  : Initializing ExecutorService 'applicationTaskExecutor'
2021-01-09 23:29:39.169  INFO 13052 --- [    Test worker] com.zaxxer.hikari.HikariDataSource       : HikariPool-1 - Starting...
2021-01-09 23:29:39.450  INFO 13052 --- [    Test worker] com.zaxxer.hikari.HikariDataSource       : HikariPool-1 - Start completed.
2021-01-09 23:29:39.577  INFO 13052 --- [         task-1] o.hibernate.jpa.internal.util.LogHelper  : HHH000204: Processing PersistenceUnitInfo [name: default]
2021-01-09 23:29:39.673  INFO 13052 --- [         task-1] org.hibernate.Version                    : HHH000412: Hibernate ORM core version 5.4.21.Final
2021-01-09 23:29:39.949  INFO 13052 --- [         task-1] o.hibernate.annotations.common.Version   : HCANN000001: Hibernate Commons Annotations {5.1.0.Final}
2021-01-09 23:29:39.968  WARN 13052 --- [    Test worker] JpaBaseConfiguration$JpaWebConfiguration : spring.jpa.open-in-view is enabled by default. Therefore, database queries may be performed during view rendering. Explicitly configure spring.jpa.open-in-view to disable this warning
2021-01-09 23:29:40.229  INFO 13052 --- [         task-1] org.hibernate.dialect.Dialect            : HHH000400: Using dialect: org.hibernate.dialect.H2Dialect
2021-01-09 23:29:41.501  INFO 13052 --- [         task-1] o.h.e.t.j.p.i.JtaPlatformInitiator       : HHH000490: Using JtaPlatform implementation: [org.hibernate.engine.transaction.jta.platform.internal.NoJtaPlatform]
2021-01-09 23:29:41.521  INFO 13052 --- [         task-1] j.LocalContainerEntityManagerFactoryBean : Initialized JPA EntityManagerFactory for persistence unit 'default'
2021-01-09 23:29:41.741  INFO 13052 --- [    Test worker] o.s.b.t.m.w.SpringBootMockServletContext : Initializing Spring TestDispatcherServlet ''
2021-01-09 23:29:41.743  INFO 13052 --- [    Test worker] o.s.t.web.servlet.TestDispatcherServlet  : Initializing Servlet ''
2021-01-09 23:29:41.762  INFO 13052 --- [    Test worker] o.s.b.a.e.web.EndpointLinksResolver      : Exposing 2 endpoint(s) beneath base path '/actuator'
2021-01-09 23:29:41.820  INFO 13052 --- [    Test worker] o.s.t.web.servlet.TestDispatcherServlet  : Completed initialization in 77 ms
2021-01-09 23:29:41.855  INFO 13052 --- [    Test worker] DeferredRepositoryInitializationListener : Triggering deferred initialization of Spring Data repositories…
2021-01-09 23:29:42.326  INFO 13052 --- [    Test worker] DeferredRepositoryInitializationListener : Spring Data repositories initialized!
2021-01-09 23:29:42.348  INFO 13052 --- [    Test worker] com.restapp.ThemeParkApplicationIT       : Started ThemeParkApplicationIT in 5.887 seconds (JVM running for 8.56)
]]></system-out>
  <system-err><![CDATA[]]></system-err>
</testsuite>
